mode: set
github.com/ashyanSpada/fast_lexer/src/lexer.go:14.47,16.2 1 1
github.com/ashyanSpada/fast_lexer/src/lexer.go:18.36,22.2 1 1
github.com/ashyanSpada/fast_lexer/src/lexer.go:24.38,26.39 2 1
github.com/ashyanSpada/fast_lexer/src/lexer.go:36.2,36.19 1 1
github.com/ashyanSpada/fast_lexer/src/lexer.go:26.39,28.9 2 1
github.com/ashyanSpada/fast_lexer/src/lexer.go:31.3,32.9 2 1
github.com/ashyanSpada/fast_lexer/src/lexer.go:28.9,30.4 1 1
github.com/ashyanSpada/fast_lexer/src/lexer.go:32.9,34.4 1 1
github.com/ashyanSpada/fast_lexer/src/lexer.go:39.33,40.6 1 1
github.com/ashyanSpada/fast_lexer/src/lexer.go:40.6,42.17 2 1
github.com/ashyanSpada/fast_lexer/src/lexer.go:45.3,45.34 1 1
github.com/ashyanSpada/fast_lexer/src/lexer.go:48.3,48.15 1 1
github.com/ashyanSpada/fast_lexer/src/lexer.go:42.17,44.4 1 1
github.com/ashyanSpada/fast_lexer/src/lexer.go:45.34,46.9 1 1
github.com/ashyanSpada/fast_lexer/src/lexer.go:53.57,54.35 1 1
github.com/ashyanSpada/fast_lexer/src/lexer.go:57.2,58.35 2 1
github.com/ashyanSpada/fast_lexer/src/lexer.go:80.2,80.19 1 1
github.com/ashyanSpada/fast_lexer/src/lexer.go:54.35,56.3 1 1
github.com/ashyanSpada/fast_lexer/src/lexer.go:58.35,63.95 5 1
github.com/ashyanSpada/fast_lexer/src/lexer.go:71.3,72.41 2 1
github.com/ashyanSpada/fast_lexer/src/lexer.go:75.3,75.14 1 1
github.com/ashyanSpada/fast_lexer/src/lexer.go:63.95,65.29 2 1
github.com/ashyanSpada/fast_lexer/src/lexer.go:69.4,69.9 1 1
github.com/ashyanSpada/fast_lexer/src/lexer.go:65.29,67.10 2 1
github.com/ashyanSpada/fast_lexer/src/lexer.go:72.41,74.4 1 1
github.com/ashyanSpada/fast_lexer/src/lexer.go:75.14,78.4 2 1
github.com/ashyanSpada/fast_lexer/src/lexer.go:83.56,84.34 1 1
github.com/ashyanSpada/fast_lexer/src/lexer.go:87.2,88.16 2 1
github.com/ashyanSpada/fast_lexer/src/lexer.go:92.2,94.19 3 1
github.com/ashyanSpada/fast_lexer/src/lexer.go:97.2,99.16 3 1
github.com/ashyanSpada/fast_lexer/src/lexer.go:102.2,102.29 1 1
github.com/ashyanSpada/fast_lexer/src/lexer.go:84.34,86.3 1 1
github.com/ashyanSpada/fast_lexer/src/lexer.go:88.16,91.3 2 0
github.com/ashyanSpada/fast_lexer/src/lexer.go:94.19,96.3 1 1
github.com/ashyanSpada/fast_lexer/src/lexer.go:99.16,101.3 1 0
github.com/ashyanSpada/fast_lexer/src/lexer.go:105.42,107.16 2 1
github.com/ashyanSpada/fast_lexer/src/lexer.go:110.2,110.20 1 1
github.com/ashyanSpada/fast_lexer/src/lexer.go:107.16,109.3 1 0
github.com/ashyanSpada/fast_lexer/src/lexer.go:113.50,115.25 2 1
github.com/ashyanSpada/fast_lexer/src/lexer.go:122.2,122.17 1 1
github.com/ashyanSpada/fast_lexer/src/lexer.go:115.25,117.17 2 1
github.com/ashyanSpada/fast_lexer/src/lexer.go:120.3,120.25 1 1
github.com/ashyanSpada/fast_lexer/src/lexer.go:117.17,119.4 1 0
github.com/ashyanSpada/fast_lexer/src/lexer.go:125.42,127.16 2 1
github.com/ashyanSpada/fast_lexer/src/lexer.go:130.2,130.20 1 1
github.com/ashyanSpada/fast_lexer/src/lexer.go:127.16,129.3 1 1
github.com/ashyanSpada/fast_lexer/src/lexer.go:133.50,136.25 3 1
github.com/ashyanSpada/fast_lexer/src/lexer.go:143.2,143.17 1 1
github.com/ashyanSpada/fast_lexer/src/lexer.go:136.25,138.17 2 1
github.com/ashyanSpada/fast_lexer/src/lexer.go:141.3,141.25 1 1
github.com/ashyanSpada/fast_lexer/src/lexer.go:138.17,140.4 1 1
github.com/ashyanSpada/fast_lexer/src/lexer.go:146.62,148.21 2 1
github.com/ashyanSpada/fast_lexer/src/lexer.go:156.2,156.17 1 1
github.com/ashyanSpada/fast_lexer/src/lexer.go:148.21,151.17 3 1
github.com/ashyanSpada/fast_lexer/src/lexer.go:154.3,154.25 1 1
github.com/ashyanSpada/fast_lexer/src/lexer.go:151.17,153.4 1 0
github.com/ashyanSpada/fast_lexer/src/lexer.go:159.40,161.2 1 1
github.com/ashyanSpada/fast_lexer/src/token.go:19.35,21.2 1 0
github.com/ashyanSpada/fast_lexer/src/token.go:23.36,25.2 1 0
github.com/ashyanSpada/fast_lexer/src/token.go:27.45,31.2 1 1
github.com/ashyanSpada/fast_lexer/src/token.go:33.42,37.2 1 1
github.com/ashyanSpada/fast_lexer/src/token.go:39.37,41.2 1 0
github.com/ashyanSpada/fast_lexer/src/token.go:47.48,51.2 1 1
github.com/ashyanSpada/fast_lexer/src/token.go:53.45,57.2 1 1
github.com/ashyanSpada/fast_lexer/src/token.go:59.45,61.2 1 0
github.com/ashyanSpada/fast_lexer/src/token.go:63.46,65.2 1 0
github.com/ashyanSpada/fast_lexer/src/token.go:67.43,69.2 1 0
github.com/ashyanSpada/fast_lexer/src/token.go:71.44,73.2 1 0
github.com/ashyanSpada/fast_lexer/src/token.go:75.43,77.2 1 0
github.com/ashyanSpada/fast_lexer/src/token.go:79.44,81.2 1 0
github.com/ashyanSpada/fast_lexer/src/token.go:83.40,85.2 1 0
github.com/ashyanSpada/fast_lexer/src/token.go:91.47,95.2 1 1
github.com/ashyanSpada/fast_lexer/src/token.go:97.44,102.2 2 1
github.com/ashyanSpada/fast_lexer/src/token.go:104.39,106.2 1 0
github.com/ashyanSpada/fast_lexer/src/token.go:112.47,116.2 1 1
github.com/ashyanSpada/fast_lexer/src/token.go:118.44,124.2 2 1
github.com/ashyanSpada/fast_lexer/src/token.go:126.39,128.2 1 0
github.com/ashyanSpada/fast_lexer/src/token.go:134.48,138.2 1 1
github.com/ashyanSpada/fast_lexer/src/token.go:140.45,145.2 2 1
github.com/ashyanSpada/fast_lexer/src/token.go:147.40,149.2 1 0
